::1 - - [01/Jun/2020:06:54:21 +0000] "GET /users/profile/5ec8da833b5b0d0af427840a HTTP/1.1" 302 72 "http://localhost:8000/" "Mozilla/5.0 (Windows NT 10.0; Win64; x64) AppleWebKit/537.36 (KHTML, like Gecko) Chrome/83.0.4103.61 Safari/537.36"
::1 - - [01/Jun/2020:06:54:21 +0000] "GET /users/sign-in HTTP/1.1" 200 2861 "http://localhost:8000/" "Mozilla/5.0 (Windows NT 10.0; Win64; x64) AppleWebKit/537.36 (KHTML, like Gecko) Chrome/83.0.4103.61 Safari/537.36"
::1 - - [01/Jun/2020:06:54:25 +0000] "GET /favicon.ico HTTP/1.1" 404 150 "http://localhost:8000/users/sign-in" "Mozilla/5.0 (Windows NT 10.0; Win64; x64) AppleWebKit/537.36 (KHTML, like Gecko) Chrome/83.0.4103.61 Safari/537.36"
::1 - - [01/Jun/2020:06:56:11 +0000] "GET /users/sign-up HTTP/1.1" 200 3118 "http://localhost:8000/users/sign-in" "Mozilla/5.0 (Windows NT 10.0; Win64; x64) AppleWebKit/537.36 (KHTML, like Gecko) Chrome/83.0.4103.61 Safari/537.36"
::1 - - [01/Jun/2020:06:56:16 +0000] "GET /users/sign-up HTTP/1.1" 304 - "http://localhost:8000/users/sign-up" "Mozilla/5.0 (Windows NT 10.0; Win64; x64) AppleWebKit/537.36 (KHTML, like Gecko) Chrome/83.0.4103.61 Safari/537.36"
::1 - - [01/Jun/2020:06:56:50 +0000] "GET /users/sign-in HTTP/1.1" 304 - "http://localhost:8000/users/sign-up" "Mozilla/5.0 (Windows NT 10.0; Win64; x64) AppleWebKit/537.36 (KHTML, like Gecko) Chrome/83.0.4103.61 Safari/537.36"
::1 - - [01/Jun/2020:06:56:58 +0000] "POST /users/create-session HTTP/1.1" 302 46 "http://localhost:8000/users/sign-in" "Mozilla/5.0 (Windows NT 10.0; Win64; x64) AppleWebKit/537.36 (KHTML, like Gecko) Chrome/83.0.4103.61 Safari/537.36"
::1 - - [01/Jun/2020:06:57:00 +0000] "GET / HTTP/1.1" 200 13977 "http://localhost:8000/users/sign-in" "Mozilla/5.0 (Windows NT 10.0; Win64; x64) AppleWebKit/537.36 (KHTML, like Gecko) Chrome/83.0.4103.61 Safari/537.36"
::1 - - [01/Jun/2020:06:57:32 +0000] "GET /users/profile/5ec8da3b3b5b0d0af4278409 HTTP/1.1" 200 3526 "http://localhost:8000/" "Mozilla/5.0 (Windows NT 10.0; Win64; x64) AppleWebKit/537.36 (KHTML, like Gecko) Chrome/83.0.4103.61 Safari/537.36"
::1 - - [01/Jun/2020:16:42:49 +0000] "GET /users/profile/5ec8da3b3b5b0d0af4278409 HTTP/1.1" 302 72 "http://localhost:8000/" "Mozilla/5.0 (Windows NT 10.0; Win64; x64) AppleWebKit/537.36 (KHTML, like Gecko) Chrome/83.0.4103.61 Safari/537.36"
::1 - - [01/Jun/2020:16:42:55 +0000] "GET /users/sign-in HTTP/1.1" 200 2861 "http://localhost:8000/" "Mozilla/5.0 (Windows NT 10.0; Win64; x64) AppleWebKit/537.36 (KHTML, like Gecko) Chrome/83.0.4103.61 Safari/537.36"
::1 - - [01/Jun/2020:16:43:42 +0000] "GET /favicon.ico HTTP/1.1" 404 150 "http://localhost:8000/users/sign-in" "Mozilla/5.0 (Windows NT 10.0; Win64; x64) AppleWebKit/537.36 (KHTML, like Gecko) Chrome/83.0.4103.61 Safari/537.36"
::1 - - [01/Jun/2020:16:44:36 +0000] "POST /users/create-session HTTP/1.1" 302 46 "http://localhost:8000/users/sign-in" "Mozilla/5.0 (Windows NT 10.0; Win64; x64) AppleWebKit/537.36 (KHTML, like Gecko) Chrome/83.0.4103.61 Safari/537.36"
::1 - - [01/Jun/2020:16:44:44 +0000] "GET / HTTP/1.1" 200 8572 "http://localhost:8000/users/sign-in" "Mozilla/5.0 (Windows NT 10.0; Win64; x64) AppleWebKit/537.36 (KHTML, like Gecko) Chrome/83.0.4103.61 Safari/537.36"
::1 - - [01/Jun/2020:16:45:06 +0000] "GET / HTTP/1.1" 200 13977 "http://localhost:8000/users/sign-in" "Mozilla/5.0 (Windows NT 10.0; Win64; x64) AppleWebKit/537.36 (KHTML, like Gecko) Chrome/83.0.4103.61 Safari/537.36"
::1 - - [01/Jun/2020:17:06:28 +0000] "GET / HTTP/1.1" 200 13720 "http://localhost:8000/users/sign-in" "Mozilla/5.0 (Windows NT 10.0; Win64; x64) AppleWebKit/537.36 (KHTML, like Gecko) Chrome/83.0.4103.61 Safari/537.36"
::1 - - [01/Jun/2020:17:07:44 +0000] "GET /users/profile/5ec8da3b3b5b0d0af4278409 HTTP/1.1" 500 654 "http://localhost:8000/" "Mozilla/5.0 (Windows NT 10.0; Win64; x64) AppleWebKit/537.36 (KHTML, like Gecko) Chrome/83.0.4103.61 Safari/537.36"
::1 - - [01/Jun/2020:17:08:07 +0000] "GET /users/profile/5ec8da3b3b5b0d0af4278409 HTTP/1.1" 200 7785 "http://localhost:8000/" "Mozilla/5.0 (Windows NT 10.0; Win64; x64) AppleWebKit/537.36 (KHTML, like Gecko) Chrome/83.0.4103.61 Safari/537.36"
::1 - - [01/Jun/2020:17:12:32 +0000] "GET /users/profile/5ec8da3b3b5b0d0af4278409 HTTP/1.1" 500 2970 "http://localhost:8000/" "Mozilla/5.0 (Windows NT 10.0; Win64; x64) AppleWebKit/537.36 (KHTML, like Gecko) Chrome/83.0.4103.61 Safari/537.36"
::1 - - [01/Jun/2020:17:13:14 +0000] "GET /users/profile/5ec8da3b3b5b0d0af4278409 HTTP/1.1" 500 2970 "http://localhost:8000/" "Mozilla/5.0 (Windows NT 10.0; Win64; x64) AppleWebKit/537.36 (KHTML, like Gecko) Chrome/83.0.4103.61 Safari/537.36"
::1 - - [01/Jun/2020:17:15:21 +0000] "GET /users/profile/5ec8da3b3b5b0d0af4278409 HTTP/1.1" 500 2970 "http://localhost:8000/" "Mozilla/5.0 (Windows NT 10.0; Win64; x64) AppleWebKit/537.36 (KHTML, like Gecko) Chrome/83.0.4103.61 Safari/537.36"
::1 - - [01/Jun/2020:17:15:36 +0000] "GET /users/profile/5ec8da3b3b5b0d0af4278409 HTTP/1.1" 500 2970 "http://localhost:8000/" "Mozilla/5.0 (Windows NT 10.0; Win64; x64) AppleWebKit/537.36 (KHTML, like Gecko) Chrome/83.0.4103.61 Safari/537.36"
::1 - - [01/Jun/2020:17:18:38 +0000] "GET / HTTP/1.1" 304 - "http://localhost:8000/users/sign-in" "Mozilla/5.0 (Windows NT 10.0; Win64; x64) AppleWebKit/537.36 (KHTML, like Gecko) Chrome/83.0.4103.61 Safari/537.36"
::1 - - [01/Jun/2020:17:19:36 +0000] "GET /users/profile/5ec8da3b3b5b0d0af4278409 HTTP/1.1" 200 3526 "http://localhost:8000/" "Mozilla/5.0 (Windows NT 10.0; Win64; x64) AppleWebKit/537.36 (KHTML, like Gecko) Chrome/83.0.4103.61 Safari/537.36"
::1 - - [01/Jun/2020:17:22:25 +0000] "GET /users/profile/5ec8da3b3b5b0d0af4278409 HTTP/1.1" 200 6882 "http://localhost:8000/" "Mozilla/5.0 (Windows NT 10.0; Win64; x64) AppleWebKit/537.36 (KHTML, like Gecko) Chrome/83.0.4103.61 Safari/537.36"
::1 - - [01/Jun/2020:17:23:38 +0000] "GET /users/profile/5ec8da3b3b5b0d0af4278409 HTTP/1.1" 304 - "http://localhost:8000/" "Mozilla/5.0 (Windows NT 10.0; Win64; x64) AppleWebKit/537.36 (KHTML, like Gecko) Chrome/83.0.4103.61 Safari/537.36"
::1 - - [01/Jun/2020:17:24:27 +0000] "GET /users/profile/5ec8da3b3b5b0d0af4278409 HTTP/1.1" 304 - "http://localhost:8000/" "Mozilla/5.0 (Windows NT 10.0; Win64; x64) AppleWebKit/537.36 (KHTML, like Gecko) Chrome/83.0.4103.61 Safari/537.36"
::1 - - [01/Jun/2020:17:25:52 +0000] "GET /users/profile/5ec8da3b3b5b0d0af4278409 HTTP/1.1" 304 - "http://localhost:8000/" "Mozilla/5.0 (Windows NT 10.0; Win64; x64) AppleWebKit/537.36 (KHTML, like Gecko) Chrome/83.0.4103.61 Safari/537.36"
::1 - - [01/Jun/2020:17:27:16 +0000] "GET / HTTP/1.1" 304 - "http://localhost:8000/users/profile/5ec8da3b3b5b0d0af4278409" "Mozilla/5.0 (Windows NT 10.0; Win64; x64) AppleWebKit/537.36 (KHTML, like Gecko) Chrome/83.0.4103.61 Safari/537.36"
::1 - - [01/Jun/2020:17:27:26 +0000] "POST /comments/newcomment HTTP/1.1" 200 327 "http://localhost:8000/" "Mozilla/5.0 (Windows NT 10.0; Win64; x64) AppleWebKit/537.36 (KHTML, like Gecko) Chrome/83.0.4103.61 Safari/537.36"
::1 - - [01/Jun/2020:17:27:35 +0000] "GET /users/profile/5ec8da3b3b5b0d0af4278409 HTTP/1.1" 500 3362 "http://localhost:8000/" "Mozilla/5.0 (Windows NT 10.0; Win64; x64) AppleWebKit/537.36 (KHTML, like Gecko) Chrome/83.0.4103.61 Safari/537.36"
::1 - - [01/Jun/2020:17:30:04 +0000] "GET /users/profile/5ec8da3b3b5b0d0af4278409 HTTP/1.1" 500 2645 "http://localhost:8000/" "Mozilla/5.0 (Windows NT 10.0; Win64; x64) AppleWebKit/537.36 (KHTML, like Gecko) Chrome/83.0.4103.61 Safari/537.36"
::1 - - [01/Jun/2020:17:59:14 +0000] "POST /comments/newcomment HTTP/1.1" 200 327 "http://localhost:8000/" "Mozilla/5.0 (Windows NT 10.0; Win64; x64) AppleWebKit/537.36 (KHTML, like Gecko) Chrome/83.0.4103.61 Safari/537.36"
::1 - - [01/Jun/2020:17:59:18 +0000] "GET /comments/destroy/5ed541f25b6b5d45c099ed1e HTTP/1.1" 200 78 "http://localhost:8000/" "Mozilla/5.0 (Windows NT 10.0; Win64; x64) AppleWebKit/537.36 (KHTML, like Gecko) Chrome/83.0.4103.61 Safari/537.36"
::1 - - [01/Jun/2020:17:59:19 +0000] "GET /comments/destroy/5ed541f25b6b5d45c099ed1e HTTP/1.1" 302 44 "http://localhost:8000/" "Mozilla/5.0 (Windows NT 10.0; Win64; x64) AppleWebKit/537.36 (KHTML, like Gecko) Chrome/83.0.4103.61 Safari/537.36"
::1 - - [01/Jun/2020:17:59:20 +0000] "GET / HTTP/1.1" 200 14618 "http://localhost:8000/" "Mozilla/5.0 (Windows NT 10.0; Win64; x64) AppleWebKit/537.36 (KHTML, like Gecko) Chrome/83.0.4103.61 Safari/537.36"
::1 - - [01/Jun/2020:17:59:55 +0000] "GET /users/profile/5ec8da3b3b5b0d0af4278409 HTTP/1.1" 200 3564 "http://localhost:8000/" "Mozilla/5.0 (Windows NT 10.0; Win64; x64) AppleWebKit/537.36 (KHTML, like Gecko) Chrome/83.0.4103.61 Safari/537.36"
::1 - - [01/Jun/2020:18:04:04 +0000] "GET /users/profile/5ec8da3b3b5b0d0af4278409 HTTP/1.1" 500 2941 "http://localhost:8000/" "Mozilla/5.0 (Windows NT 10.0; Win64; x64) AppleWebKit/537.36 (KHTML, like Gecko) Chrome/83.0.4103.61 Safari/537.36"
::1 - - [01/Jun/2020:18:07:14 +0000] "GET /users/profile/5ec8da3b3b5b0d0af4278409 HTTP/1.1" 500 3183 "http://localhost:8000/" "Mozilla/5.0 (Windows NT 10.0; Win64; x64) AppleWebKit/537.36 (KHTML, like Gecko) Chrome/83.0.4103.61 Safari/537.36"
::1 - - [01/Jun/2020:18:07:46 +0000] "GET /users/profile/5ec8da3b3b5b0d0af4278409 HTTP/1.1" 500 3362 "http://localhost:8000/" "Mozilla/5.0 (Windows NT 10.0; Win64; x64) AppleWebKit/537.36 (KHTML, like Gecko) Chrome/83.0.4103.61 Safari/537.36"
::1 - - [01/Jun/2020:18:14:12 +0000] "GET /users/profile/5ec8da3b3b5b0d0af4278409 HTTP/1.1" 200 3536 "http://localhost:8000/" "Mozilla/5.0 (Windows NT 10.0; Win64; x64) AppleWebKit/537.36 (KHTML, like Gecko) Chrome/83.0.4103.61 Safari/537.36"
::1 - - [01/Jun/2020:18:17:24 +0000] "GET /users/profile/5ec8da3b3b5b0d0af4278409 HTTP/1.1" 200 3527 "http://localhost:8000/" "Mozilla/5.0 (Windows NT 10.0; Win64; x64) AppleWebKit/537.36 (KHTML, like Gecko) Chrome/83.0.4103.61 Safari/537.36"
